TN:
SF:app.js
FN:19,(anonymous_0)
FN:25,(anonymous_1)
FN:47,(anonymous_2)
FNF:3
FNH:1
FNDA:33,(anonymous_0)
FNDA:0,(anonymous_1)
FNDA:0,(anonymous_2)
DA:16,9
DA:17,9
DA:19,9
DA:20,33
DA:21,33
DA:24,9
DA:25,0
DA:26,0
DA:27,0
DA:30,0
DA:33,9
DA:34,9
DA:35,9
DA:36,9
DA:44,9
DA:46,9
DA:47,0
LF:17
LH:12
BRDA:24,0,0,0
BRDA:24,0,1,9
BRDA:46,1,0,0
BRDA:46,1,1,9
BRF:4
BRH:2
end_of_record
TN:
SF:config/index.js
FNF:0
FNH:0
LF:0
LH:0
BRF:0
BRH:0
end_of_record
TN:
SF:constants/endpoints.js
FNF:0
FNH:0
DA:1,9
DA:2,9
DA:3,9
DA:4,9
DA:5,9
DA:6,9
DA:7,9
DA:9,9
DA:10,9
DA:11,9
LF:10
LH:10
BRF:0
BRH:0
end_of_record
TN:
SF:constants/filters.js
FNF:0
FNH:0
DA:1,9
DA:2,9
LF:2
LH:2
BRF:0
BRH:0
end_of_record
TN:
SF:constants/socketEvents.js
FNF:0
FNH:0
DA:1,9
DA:2,9
DA:4,9
DA:5,9
DA:6,9
DA:8,9
DA:9,9
DA:11,9
DA:12,9
DA:13,9
DA:14,9
DA:15,9
DA:16,9
LF:13
LH:13
BRF:0
BRH:0
end_of_record
TN:
SF:controllers/index.js
FNF:0
FNH:0
DA:5,9
DA:6,9
DA:7,9
LF:3
LH:3
BRF:0
BRH:0
end_of_record
TN:
SF:controllers/todosRouter.js
FNF:0
FNH:0
DA:19,9
DA:21,9
DA:23,9
DA:25,9
DA:27,9
DA:29,9
DA:31,9
DA:33,9
LF:8
LH:8
BRF:0
BRH:0
end_of_record
TN:
SF:controllers/usersRouter.js
FNF:0
FNH:0
DA:7,9
DA:9,9
DA:10,9
DA:11,9
LF:4
LH:4
BRF:0
BRH:0
end_of_record
TN:
SF:controllers/todos_controllers/addTask.js
FN:3,(anonymous_0)
FNF:1
FNH:1
FNDA:4,(anonymous_0)
DA:3,9
DA:4,4
DA:5,4
DA:6,4
DA:7,4
DA:9,4
DA:10,1
DA:13,3
DA:14,1
DA:17,2
DA:23,2
DA:25,2
DA:26,0
DA:33,2
DA:35,2
DA:36,2
LF:16
LH:15
BRDA:9,0,0,1
BRDA:9,0,1,3
BRDA:13,1,0,1
BRDA:13,1,1,2
BRDA:25,2,0,0
BRDA:25,2,1,2
BRF:6
BRH:5
end_of_record
TN:
SF:controllers/todos_controllers/clearCompletedTasks.js
FN:3,(anonymous_0)
FNF:1
FNH:1
FNDA:1,(anonymous_0)
DA:3,9
DA:4,1
DA:5,1
DA:6,1
DA:8,1
DA:12,1
DA:14,1
DA:15,0
DA:21,1
DA:23,0
DA:24,0
LF:11
LH:8
BRDA:14,0,0,0
BRDA:14,0,1,1
BRF:2
BRH:1
end_of_record
TN:
SF:controllers/todos_controllers/editTask.js
FN:3,(anonymous_0)
FN:14,(anonymous_1)
FNF:2
FNH:2
FNDA:6,(anonymous_0)
FNDA:3,(anonymous_1)
DA:3,9
DA:4,6
DA:5,6
DA:6,6
DA:8,6
DA:9,3
DA:12,3
DA:15,3
DA:16,1
DA:18,2
DA:23,2
DA:24,2
DA:25,0
DA:33,4
DA:34,4
LF:15
LH:14
BRDA:8,0,0,3
BRDA:8,0,1,3
BRDA:8,1,0,6
BRDA:8,1,1,5
BRDA:8,1,2,4
BRDA:15,2,0,1
BRDA:15,2,1,2
BRDA:24,3,0,0
BRDA:24,3,1,2
BRF:9
BRH:8
end_of_record
TN:
SF:controllers/todos_controllers/getAllTodos.js
FN:3,(anonymous_0)
FN:25,(anonymous_1)
FN:31,(anonymous_2)
FN:35,(anonymous_3)
FNF:4
FNH:4
FNDA:3,(anonymous_0)
FNDA:3,(anonymous_1)
FNDA:3,(anonymous_2)
FNDA:3,(anonymous_3)
DA:3,9
DA:4,3
DA:5,3
DA:7,3
DA:8,3
DA:13,3
DA:15,3
DA:16,1
DA:19,3
DA:20,1
DA:23,3
DA:26,3
DA:29,3
DA:32,3
DA:35,3
DA:36,3
DA:38,3
DA:40,0
DA:41,0
LF:19
LH:17
BRDA:15,0,0,1
BRDA:15,0,1,2
BRDA:19,1,0,1
BRDA:19,1,1,2
BRF:4
BRH:4
end_of_record
TN:
SF:controllers/todos_controllers/getTodosCounters.js
FN:3,(anonymous_0)
FN:10,(anonymous_1)
FN:15,(anonymous_2)
FNF:3
FNH:3
FNDA:1,(anonymous_0)
FNDA:1,(anonymous_1)
FNDA:1,(anonymous_2)
DA:3,9
DA:4,1
DA:5,1
DA:6,1
DA:8,1
DA:11,1
DA:13,1
DA:16,1
DA:19,1
DA:20,1
DA:21,0
DA:31,0
DA:32,0
LF:13
LH:10
BRDA:20,0,0,0
BRDA:20,0,1,1
BRF:2
BRH:1
end_of_record
TN:
SF:controllers/todos_controllers/removeTask.js
FN:3,(anonymous_0)
FN:13,(anonymous_1)
FNF:2
FNH:2
FNDA:3,(anonymous_0)
FNDA:2,(anonymous_1)
DA:3,9
DA:4,3
DA:5,3
DA:6,3
DA:7,3
DA:8,1
DA:11,2
DA:14,2
DA:15,1
DA:17,1
DA:18,1
DA:19,1
DA:20,0
DA:28,2
DA:29,2
LF:15
LH:14
BRDA:7,0,0,1
BRDA:7,0,1,2
BRDA:14,1,0,1
BRDA:14,1,1,1
BRDA:19,2,0,0
BRDA:19,2,1,1
BRF:6
BRH:5
end_of_record
TN:
SF:controllers/todos_controllers/toggleTodosStatuses.js
FN:3,(anonymous_0)
FNF:1
FNH:1
FNDA:3,(anonymous_0)
DA:3,9
DA:4,3
DA:5,3
DA:6,3
DA:8,3
DA:9,2
DA:12,1
DA:19,1
DA:20,1
DA:21,1
DA:22,0
DA:29,2
DA:30,2
LF:13
LH:12
BRDA:8,0,0,2
BRDA:8,0,1,1
BRDA:8,1,0,3
BRDA:8,1,1,2
BRDA:21,2,0,0
BRDA:21,2,1,1
BRF:6
BRH:5
end_of_record
TN:
SF:controllers/users_controllers/login.js
FN:6,(anonymous_0)
FNF:1
FNH:1
FNDA:1,(anonymous_0)
DA:6,9
DA:7,1
DA:8,1
DA:9,1
DA:11,1
DA:13,1
DA:14,1
DA:15,0
DA:18,1
DA:19,1
DA:20,0
DA:23,1
DA:24,0
DA:27,1
DA:28,1
DA:29,1
DA:31,1
DA:33,1
DA:38,1
DA:51,1
DA:53,1
DA:54,1
LF:22
LH:19
BRDA:14,0,0,0
BRDA:14,0,1,1
BRDA:19,1,0,0
BRDA:19,1,1,1
BRDA:23,2,0,0
BRDA:23,2,1,1
BRF:6
BRH:3
end_of_record
TN:
SF:controllers/users_controllers/refreshToken.js
FN:5,(anonymous_0)
FNF:1
FNH:0
FNDA:0,(anonymous_0)
DA:5,9
DA:6,0
DA:7,0
DA:9,0
DA:13,0
DA:14,0
DA:15,0
DA:18,0
DA:19,0
DA:20,0
DA:22,0
DA:24,0
DA:26,0
DA:31,0
DA:39,0
DA:40,0
LF:16
LH:1
BRDA:14,0,0,0
BRDA:14,0,1,0
BRF:2
BRH:0
end_of_record
TN:
SF:controllers/users_controllers/registration.js
FN:3,(anonymous_0)
FNF:1
FNH:1
FNDA:4,(anonymous_0)
DA:3,9
DA:4,4
DA:5,4
DA:6,4
DA:8,4
DA:12,4
DA:13,1
DA:16,3
DA:22,1
DA:25,2
DA:27,2
DA:36,2
DA:37,1
DA:39,3
DA:40,3
LF:15
LH:15
BRDA:12,0,0,1
BRDA:12,0,1,3
BRDA:16,1,0,1
BRDA:16,1,1,2
BRDA:17,2,0,3
BRDA:17,2,1,3
BRDA:17,2,2,2
BRDA:17,2,3,2
BRF:8
BRH:8
end_of_record
TN:
SF:handlers/body-parser.js
FNF:0
FNH:0
LF:0
LH:0
BRF:0
BRH:0
end_of_record
TN:
SF:handlers/errors.js
FN:1,(anonymous_0)
FNF:1
FNH:1
FNDA:33,(anonymous_0)
DA:2,33
DA:3,33
DA:5,7
DA:6,7
LF:4
LH:4
BRDA:5,0,0,7
BRDA:5,0,1,0
BRDA:6,1,0,7
BRDA:6,1,1,0
BRF:4
BRH:2
end_of_record
TN:
SF:helpers/jwtSign.js
FN:3,(anonymous_0)
FNF:1
FNH:1
FNDA:29,(anonymous_0)
DA:3,9
DA:4,29
LF:2
LH:2
BRF:0
BRH:0
end_of_record
TN:
SF:lib/SocketChannel.js
FN:4,(anonymous_0)
FN:9,(anonymous_1)
FN:20,(anonymous_2)
FN:24,(anonymous_3)
FN:36,(anonymous_4)
FNF:5
FNH:0
FNDA:0,(anonymous_0)
FNDA:0,(anonymous_1)
FNDA:0,(anonymous_2)
FNDA:0,(anonymous_3)
FNDA:0,(anonymous_4)
DA:5,0
DA:6,0
DA:10,0
DA:11,0
DA:14,0
DA:15,0
DA:17,0
DA:21,0
DA:25,0
DA:26,0
DA:27,0
DA:29,0
DA:30,0
DA:33,0
DA:37,0
LF:15
LH:0
BRDA:10,0,0,0
BRDA:10,0,1,0
BRDA:14,1,0,0
BRDA:14,1,1,0
BRDA:25,2,0,0
BRDA:25,2,1,0
BRDA:29,3,0,0
BRDA:29,3,1,0
BRF:8
BRH:0
end_of_record
TN:
SF:lib/config.js
FNF:0
FNH:0
DA:1,9
DA:2,9
DA:3,9
DA:4,9
DA:5,9
DA:6,9
DA:7,9
LF:7
LH:7
BRDA:1,0,0,9
BRDA:1,0,1,9
BRF:2
BRH:2
end_of_record
TN:
SF:lib/sequalize-config.js
FN:40,(anonymous_0)
FNF:1
FNH:1
FNDA:9,(anonymous_0)
DA:19,9
DA:20,9
DA:25,0
DA:31,9
DA:33,9
DA:34,9
DA:36,9
DA:37,9
DA:38,9
DA:40,9
DA:41,9
LF:11
LH:10
BRDA:19,0,0,9
BRDA:19,0,1,0
BRF:2
BRH:1
end_of_record
TN:
SF:models/todo.js
FN:3,(anonymous_0)
FN:10,(anonymous_1)
FNF:2
FNH:1
FNDA:9,(anonymous_0)
FNDA:0,(anonymous_1)
DA:12,0
DA:18,9
DA:53,9
LF:3
LH:2
BRF:0
BRH:0
end_of_record
TN:
SF:models/token.js
FN:3,(anonymous_0)
FN:10,(anonymous_1)
FNF:2
FNH:1
FNDA:9,(anonymous_0)
FNDA:0,(anonymous_1)
DA:2,9
DA:3,9
DA:12,0
DA:18,9
DA:45,9
LF:5
LH:4
BRF:0
BRH:0
end_of_record
TN:
SF:models/user.js
FN:3,(anonymous_0)
FN:10,(anonymous_1)
FNF:2
FNH:1
FNDA:9,(anonymous_0)
FNDA:0,(anonymous_1)
DA:12,0
DA:15,0
DA:22,9
DA:70,9
LF:4
LH:2
BRF:0
BRH:0
end_of_record
TN:
SF:websocket/socketClient.js
FNF:0
FNH:0
DA:2,9
LF:1
LH:1
BRF:0
BRH:0
end_of_record
TN:
SF:websocket/socketServer.js
FN:12,(anonymous_0)
FN:24,(anonymous_1)
FN:27,(anonymous_2)
FN:34,(anonymous_3)
FN:41,(anonymous_4)
FN:47,(anonymous_5)
FNF:6
FNH:0
FNDA:0,(anonymous_0)
FNDA:0,(anonymous_1)
FNDA:0,(anonymous_2)
FNDA:0,(anonymous_3)
FNDA:0,(anonymous_4)
FNDA:0,(anonymous_5)
DA:12,9
DA:13,0
DA:22,0
DA:24,0
DA:25,0
DA:27,0
DA:28,0
DA:29,0
DA:30,0
DA:34,0
DA:35,0
DA:36,0
DA:37,0
DA:41,0
DA:42,0
DA:43,0
DA:47,0
DA:48,0
LF:18
LH:1
BRDA:28,0,0,0
BRDA:28,0,1,0
BRDA:28,1,0,0
BRDA:28,1,1,0
BRDA:35,2,0,0
BRDA:35,2,1,0
BRDA:35,3,0,0
BRDA:35,3,1,0
BRDA:42,4,0,0
BRDA:42,4,1,0
BRDA:42,5,0,0
BRDA:42,5,1,0
BRF:12
BRH:0
end_of_record
